<component name="libraryTable">
  <library name="junit-4.12">
    <CLASSES>
      <root url="jar://$PROJECT_DIR$/ressources/lib/junit-4.12.jar!/" />
      <root url="jar://$PROJECT_DIR$/ressources/lib/org.json.jar!/" />
    </CLASSES>
    <JAVADOC />
    <SOURCES />
  </library>
</component>